<?xml version="1.0" encoding="UTF-8"?>
<!-- Generated by org.testng.reporters.JUnitReportReporter -->
<testsuite hostname="DESKTOP-FQ1CENA" failures="0" tests="1" name="com.travelAppTest.testCases.TC_LoadHotelsPage_001" time="4.436" errors="0" timestamp="29 Nov. 2021 01:55:07 GMT" skipped="0">
  <testcase classname="com.travelAppTest.testCases.TC_LoadHotelsPage_001" name="loadHotelsPageTest" time="4.436"/>
</testsuite> <!-- com.travelAppTest.testCases.TC_LoadHotelsPage_001 -->
