<?xml version="1.0" encoding="UTF-8"?>
<!-- Generated by org.testng.reporters.JUnitReportReporter -->
<testsuite hostname="DESKTOP-FQ1CENA" failures="0" tests="1" name="com.travelAppTest.testCases.TC_LoginTest_001" time="3.892" errors="0" timestamp="28 Nov. 2021 02:53:18 GMT" skipped="0">
  <testcase classname="com.travelAppTest.testCases.TC_LoginTest_001" name="loginTest" time="3.892"/>
</testsuite> <!-- com.travelAppTest.testCases.TC_LoginTest_001 -->
